2019-06-12 16:32:27.190 [main] INFO  com.shuizhi.ShuizhiApplication - Starting ShuizhiApplication on PC201811231606 with PID 11068 (started by Administrator in D:\物联网\水质解析\水质)
2019-06-12 16:32:27.193 [main] INFO  com.shuizhi.ShuizhiApplication - No active profile set, falling back to default profiles: default
2019-06-12 16:32:28.104 [main] INFO  o.s.boot.web.embedded.tomcat.TomcatWebServer - Tomcat initialized with port(s): 8888 (http)
2019-06-12 16:32:28.114 [main] INFO  org.apache.coyote.http11.Http11NioProtocol - Initializing ProtocolHandler ["http-nio-8888"]
2019-06-12 16:32:28.122 [main] INFO  org.apache.catalina.core.StandardService - Starting service [Tomcat]
2019-06-12 16:32:28.122 [main] INFO  org.apache.catalina.core.StandardEngine - Starting Servlet engine: [Apache Tomcat/9.0.19]
2019-06-12 16:32:28.127 [main] INFO  org.apache.catalina.core.AprLifecycleListener - An older version [1.2.18] of the APR based Apache Tomcat Native library is installed, while Tomcat recommends a minimum version of [1.2.21]
2019-06-12 16:32:28.128 [main] INFO  org.apache.catalina.core.AprLifecycleListener - Loaded APR based Apache Tomcat Native library [1.2.18] using APR version [1.6.5].
2019-06-12 16:32:28.128 [main] INFO  org.apache.catalina.core.AprLifecycleListener - APR capabilities: IPv6 [true], sendfile [true], accept filters [false], random [true].
2019-06-12 16:32:28.128 [main] INFO  org.apache.catalina.core.AprLifecycleListener - APR/OpenSSL configuration: useAprConnector [false], useOpenSSL [true]
2019-06-12 16:32:28.133 [main] INFO  org.apache.catalina.core.AprLifecycleListener - OpenSSL successfully initialized [OpenSSL 1.1.1  11 Sep 2018]
2019-06-12 16:32:28.212 [main] INFO  o.a.c.core.ContainerBase.[Tomcat].[localhost].[/] - Initializing Spring embedded WebApplicationContext
2019-06-12 16:32:28.213 [main] INFO  org.springframework.web.context.ContextLoader - Root WebApplicationContext: initialization completed in 986 ms
2019-06-12 16:32:28.565 [main] INFO  o.s.scheduling.concurrent.ThreadPoolTaskExecutor - Initializing ExecutorService 'applicationTaskExecutor'
2019-06-12 16:32:28.794 [main] INFO  org.apache.coyote.http11.Http11NioProtocol - Starting ProtocolHandler ["http-nio-8888"]
2019-06-12 16:32:28.814 [main] INFO  o.s.boot.web.embedded.tomcat.TomcatWebServer - Tomcat started on port(s): 8888 (http) with context path ''
2019-06-12 16:32:28.817 [main] INFO  com.shuizhi.ShuizhiApplication - Started ShuizhiApplication in 2.015 seconds (JVM running for 2.726)
2019-06-12 16:32:28.818 [main] INFO  com.shuizhi.config.ServerExecutor - 服务器已开启，端口：8111 已打开，等待连接......
2019-06-12 16:32:56.003 [main] INFO  com.shuizhi.config.ServerExecutor - 用户：/192.168.1.191 连接成功！

2019-06-12 16:33:00.353 [pool-2-thread-1] INFO  com.shuizhi.config.ServerThread - crc:0
2019-06-12 16:33:00.354 [pool-2-thread-1] INFO  com.shuizhi.config.ServerThread - 水质数据:41074e425f54455354230c012101b5272105f901ad02d0cbe5
2019-06-12 16:33:00.354 [pool-2-thread-1] INFO  com.shuizhi.config.ServerThread - 水质解析:A 7 NB_TEST # 12 289 437 10017 1529 429 720 
2019-06-12 16:33:00.399 [pool-2-thread-1] INFO  com.zaxxer.hikari.HikariDataSource - HikariPool-1 - Starting...
2019-06-12 16:33:00.522 [pool-2-thread-1] INFO  com.zaxxer.hikari.HikariDataSource - HikariPool-1 - Start completed.
2019-06-12 16:33:00.591 [pool-2-thread-1] INFO  com.shuizhi.config.ServerThread - 回复成功

