2019-06-17 10:52:43.364 [main] INFO  com.shuizhi.ShuizhiApplication - Starting ShuizhiApplication on PC201811231606 with PID 5000 (started by Administrator in D:\物联网\水质解析\水质)
2019-06-17 10:52:43.378 [main] INFO  com.shuizhi.ShuizhiApplication - No active profile set, falling back to default profiles: default
2019-06-17 10:52:44.886 [main] INFO  o.s.boot.web.embedded.tomcat.TomcatWebServer - Tomcat initialized with port(s): 8888 (http)
2019-06-17 10:52:44.900 [main] INFO  org.apache.coyote.http11.Http11NioProtocol - Initializing ProtocolHandler ["http-nio-8888"]
2019-06-17 10:52:44.909 [main] INFO  org.apache.catalina.core.StandardService - Starting service [Tomcat]
2019-06-17 10:52:44.910 [main] INFO  org.apache.catalina.core.StandardEngine - Starting Servlet engine: [Apache Tomcat/9.0.19]
2019-06-17 10:52:44.916 [main] INFO  org.apache.catalina.core.AprLifecycleListener - An older version [1.2.18] of the APR based Apache Tomcat Native library is installed, while Tomcat recommends a minimum version of [1.2.21]
2019-06-17 10:52:44.916 [main] INFO  org.apache.catalina.core.AprLifecycleListener - Loaded APR based Apache Tomcat Native library [1.2.18] using APR version [1.6.5].
2019-06-17 10:52:44.917 [main] INFO  org.apache.catalina.core.AprLifecycleListener - APR capabilities: IPv6 [true], sendfile [true], accept filters [false], random [true].
2019-06-17 10:52:44.917 [main] INFO  org.apache.catalina.core.AprLifecycleListener - APR/OpenSSL configuration: useAprConnector [false], useOpenSSL [true]
2019-06-17 10:52:44.922 [main] INFO  org.apache.catalina.core.AprLifecycleListener - OpenSSL successfully initialized [OpenSSL 1.1.1  11 Sep 2018]
2019-06-17 10:52:45.026 [main] INFO  o.a.c.core.ContainerBase.[Tomcat].[localhost].[/] - Initializing Spring embedded WebApplicationContext
2019-06-17 10:52:45.026 [main] INFO  org.springframework.web.context.ContextLoader - Root WebApplicationContext: initialization completed in 1608 ms
2019-06-17 10:52:45.496 [main] INFO  o.s.scheduling.concurrent.ThreadPoolTaskExecutor - Initializing ExecutorService 'applicationTaskExecutor'
2019-06-17 10:52:45.761 [main] INFO  org.apache.coyote.http11.Http11NioProtocol - Starting ProtocolHandler ["http-nio-8888"]
2019-06-17 10:52:45.785 [main] INFO  o.s.boot.web.embedded.tomcat.TomcatWebServer - Tomcat started on port(s): 8888 (http) with context path ''
2019-06-17 10:52:45.787 [main] INFO  com.shuizhi.ShuizhiApplication - Started ShuizhiApplication in 4.017 seconds (JVM running for 5.945)
2019-06-17 10:52:45.789 [main] INFO  com.shuizhi.config.ServerExecutor - 服务器已开启，端口：8111 已打开，等待连接......
2019-06-17 10:53:00.590 [http-nio-8888-exec-1] INFO  o.a.c.core.ContainerBase.[Tomcat].[localhost].[/] - Initializing Spring DispatcherServlet 'dispatcherServlet'
2019-06-17 10:53:00.590 [http-nio-8888-exec-1] INFO  org.springframework.web.servlet.DispatcherServlet - Initializing Servlet 'dispatcherServlet'
2019-06-17 10:53:00.605 [http-nio-8888-exec-1] INFO  org.springframework.web.servlet.DispatcherServlet - Completed initialization in 15 ms
2019-06-17 10:53:03.995 [http-nio-8888-exec-2] INFO  com.zaxxer.hikari.HikariDataSource - HikariPool-1 - Starting...
2019-06-17 10:53:04.754 [http-nio-8888-exec-2] INFO  com.zaxxer.hikari.HikariDataSource - HikariPool-1 - Start completed.
