2019-06-13 09:38:30.953 [main] INFO  com.shuizhi.ShuizhiApplication - Starting ShuizhiApplication on PC201811231606 with PID 8748 (started by Administrator in D:\物联网\水质解析\水质)
2019-06-13 09:38:30.972 [main] INFO  com.shuizhi.ShuizhiApplication - No active profile set, falling back to default profiles: default
2019-06-13 09:38:32.707 [main] INFO  o.s.boot.web.embedded.tomcat.TomcatWebServer - Tomcat initialized with port(s): 8888 (http)
2019-06-13 09:38:32.719 [main] INFO  org.apache.coyote.http11.Http11NioProtocol - Initializing ProtocolHandler ["http-nio-8888"]
2019-06-13 09:38:32.738 [main] INFO  org.apache.catalina.core.StandardService - Starting service [Tomcat]
2019-06-13 09:38:32.738 [main] INFO  org.apache.catalina.core.StandardEngine - Starting Servlet engine: [Apache Tomcat/9.0.19]
2019-06-13 09:38:32.744 [main] INFO  org.apache.catalina.core.AprLifecycleListener - An older version [1.2.18] of the APR based Apache Tomcat Native library is installed, while Tomcat recommends a minimum version of [1.2.21]
2019-06-13 09:38:32.744 [main] INFO  org.apache.catalina.core.AprLifecycleListener - Loaded APR based Apache Tomcat Native library [1.2.18] using APR version [1.6.5].
2019-06-13 09:38:32.744 [main] INFO  org.apache.catalina.core.AprLifecycleListener - APR capabilities: IPv6 [true], sendfile [true], accept filters [false], random [true].
2019-06-13 09:38:32.744 [main] INFO  org.apache.catalina.core.AprLifecycleListener - APR/OpenSSL configuration: useAprConnector [false], useOpenSSL [true]
2019-06-13 09:38:32.750 [main] INFO  org.apache.catalina.core.AprLifecycleListener - OpenSSL successfully initialized [OpenSSL 1.1.1  11 Sep 2018]
2019-06-13 09:38:32.849 [main] INFO  o.a.c.core.ContainerBase.[Tomcat].[localhost].[/] - Initializing Spring embedded WebApplicationContext
2019-06-13 09:38:32.849 [main] INFO  org.springframework.web.context.ContextLoader - Root WebApplicationContext: initialization completed in 1844 ms
2019-06-13 09:38:33.441 [main] INFO  o.s.scheduling.concurrent.ThreadPoolTaskExecutor - Initializing ExecutorService 'applicationTaskExecutor'
2019-06-13 09:38:33.696 [main] INFO  org.apache.coyote.http11.Http11NioProtocol - Starting ProtocolHandler ["http-nio-8888"]
2019-06-13 09:38:33.718 [main] INFO  o.s.boot.web.embedded.tomcat.TomcatWebServer - Tomcat started on port(s): 8888 (http) with context path ''
2019-06-13 09:38:33.720 [main] INFO  com.shuizhi.ShuizhiApplication - Started ShuizhiApplication in 3.657 seconds (JVM running for 5.015)
2019-06-13 09:38:33.722 [main] INFO  com.shuizhi.config.ServerExecutor - 服务器已开启，端口：8111 已打开，等待连接......
2019-06-13 09:38:52.064 [http-nio-8888-exec-1] INFO  o.a.c.core.ContainerBase.[Tomcat].[localhost].[/] - Initializing Spring DispatcherServlet 'dispatcherServlet'
2019-06-13 09:38:52.065 [http-nio-8888-exec-1] INFO  org.springframework.web.servlet.DispatcherServlet - Initializing Servlet 'dispatcherServlet'
2019-06-13 09:38:52.095 [http-nio-8888-exec-1] INFO  org.springframework.web.servlet.DispatcherServlet - Completed initialization in 30 ms
2019-06-13 09:38:52.224 [http-nio-8888-exec-1] INFO  com.zaxxer.hikari.HikariDataSource - HikariPool-1 - Starting...
2019-06-13 09:38:52.489 [http-nio-8888-exec-1] INFO  com.zaxxer.hikari.HikariDataSource - HikariPool-1 - Start completed.
